host: login01
Building DAG of jobs...
Using shell: /usr/bin/bash
Provided cores: 1 (use --cores to define parallelism)
Rules claiming more threads will be scaled down.
Job stats:
job                     count
--------------------  -------
normalised_frequency        1
plot                        1
rescale                     1
total                       3

Select jobs to execute...
Execute 1 jobs...

[Thu Oct 24 20:19:22 2024]
localrule normalised_frequency:
    input: shuf.a.bed.gz
    output: query_unsorted.hist, query.hist
    jobid: 2
    reason: Missing output files: query.hist
    resources: tmpdir=/tmp

[Thu Oct 24 20:19:28 2024]
Finished job 2.
1 of 3 steps (33%) done
Removing temporary output query_unsorted.hist.
Select jobs to execute...
Execute 1 jobs...

[Thu Oct 24 20:19:28 2024]
localrule rescale:
    input: query.hist
    output: lines_to_pull.tsv, rescaled.hist
    jobid: 1
    reason: Missing output files: rescaled.hist; Input files updated by another job: query.hist
    resources: tmpdir=/tmp

[Thu Oct 24 20:19:28 2024]
Finished job 1.
2 of 3 steps (67%) done
Select jobs to execute...
Execute 1 jobs...

[Thu Oct 24 20:19:28 2024]
localrule plot:
    input: rescaled.hist
    output: rescale_to_reference.png
    jobid: 0
    reason: Missing output files: rescale_to_reference.png; Input files updated by another job: rescaled.hist
    resources: tmpdir=/tmp

[Thu Oct 24 20:19:28 2024]
Finished job 0.
3 of 3 steps (100%) done
Complete log: .snakemake/log/2024-10-24T201922.503678.snakemake.log
