host: login01
Building DAG of jobs...
Using shell: /usr/bin/bash
Provided cores: 1 (use --cores to define parallelism)
Rules claiming more threads will be scaled down.
Job stats:
job        count
-------  -------
plot           1
rescale        1
total          2

Select jobs to execute...
Execute 1 jobs...

[Thu Oct 24 20:12:19 2024]
localrule rescale:
    input: query.hist
    output: lines_to_pull.tsv, rescaled.hist
    jobid: 1
    reason: Missing output files: rescaled.hist
    resources: tmpdir=/tmp

[Thu Oct 24 20:12:19 2024]
Error in rule rescale:
    jobid: 1
    input: query.hist
    output: lines_to_pull.tsv, rescaled.hist
    shell:
        
        python scripts/lines.py > lines_to_pull.tsv
        cat lines_to_pull.tsv | python scripts/normalise.py > rescaled.hist
        
        (one of the commands exited with non-zero exit code; note that snakemake uses bash strict mode!)

Removing output files of failed job rescale since they might be corrupted:
lines_to_pull.tsv
Shutting down, this might take some time.
Exiting because a job execution failed. Look above for error message
Complete log: .snakemake/log/2024-10-24T201219.121073.snakemake.log
WorkflowError:
At least one job did not complete successfully.
