host: login01
Building DAG of jobs...
Using shell: /usr/bin/bash
Provided cores: 1 (use --cores to define parallelism)
Rules claiming more threads will be scaled down.
Job stats:
job            count
-----------  -------
process_bed        1
total              1

Select jobs to execute...
Execute 1 jobs...

[Sun Oct 20 00:06:48 2024]
localrule process_bed:
    input: shuf.a.bed.gz, lines.tsv
    output: output.bed.gz
    jobid: 0
    reason: Missing output files: output.bed.gz
    resources: tmpdir=/tmp

RuleException in rule process_bed in file /home/bec51310.iitr/workplace/project/rescale_to_reference/test.smk, line 9:
NameError: The name 'print $1' is unknown in this context. Please make sure that you defined that variable. Also note that braces not used for variable access have to be escaped by repeating them, i.e. {{print $1}}, when formatting the following:

        # Load lengths and counts from the lines file
        lengths=($(awk '{print $1}' {input.lines})) # Read first column for lengths
        counts=($(awk '{print $2}' {input.lines}))  # Read second column for counts

        # Unzip, shuffle, and filter
        zcat {input.bed} | shuf | awk -v OFS='	' '
        BEGIN {
            # Initialize counts for each length
            for (i=0; i < length(lengths); i++) {
                count[lengths[i]] = counts[i];
            }
        }
        {
            # Check if the fourth column matches any length
            if ($4 in count && count[$4] > 0) {
                print $0;   # Print the line if it matches the length
                count[$4]--;  # Decrease the count
            }
        }' | gzip > {output}
        
