host: login01
Building DAG of jobs...
Using shell: /usr/bin/bash
Provided cores: 1 (use --cores to define parallelism)
Rules claiming more threads will be scaled down.
Job stats:
job                count
---------------  -------
calculate_lines        1
total                  1

Select jobs to execute...
Execute 1 jobs...

[Sun Oct 20 12:51:36 2024]
localrule calculate_lines:
    output: calculate_lines_for_query.tsv
    jobid: 0
    reason: Missing output files: calculate_lines_for_query.tsv
    resources: tmpdir=/tmp

[Sun Oct 20 12:51:37 2024]
Error in rule calculate_lines:
    jobid: 0
    output: calculate_lines_for_query.tsv
    shell:
        python scripts/lines.py > calculate_lines_for_query.tsv
        (one of the commands exited with non-zero exit code; note that snakemake uses bash strict mode!)

Removing output files of failed job calculate_lines since they might be corrupted:
calculate_lines_for_query.tsv
Shutting down, this might take some time.
Exiting because a job execution failed. Look above for error message
Complete log: .snakemake/log/2024-10-20T125136.941848.snakemake.log
WorkflowError:
At least one job did not complete successfully.
