host: login06
Building DAG of jobs...
Using shell: /usr/bin/bash
Provided cores: 40
Rules claiming more threads will be scaled down.
Job stats:
job                     count
--------------------  -------
lines                       1
normalise                   2
normalised_frequency        1
subsample                   2
total                       6

Select jobs to execute...
Execute 1 jobs...

[Fri Nov  1 14:52:03 2024]
localrule normalised_frequency:
    input: shuf.a.bed.gz
    output: query_unsorted.hist, query.hist
    jobid: 3
    reason: Missing output files: query.hist; Code has changed since last execution
    resources: tmpdir=/tmp

Terminating processes on user request, this might take some time.
[Fri Nov  1 14:52:11 2024]
Error in rule normalised_frequency:
    jobid: 3
    input: shuf.a.bed.gz
    output: query_unsorted.hist, query.hist
    shell:
        
        zcat shuf.a.bed.gz | python scripts/frequency.py > query_unsorted.hist
        sort -k1,1n query_unsorted.hist > query.hist
        
        (one of the commands exited with non-zero exit code; note that snakemake uses bash strict mode!)

Complete log: .snakemake/log/2024-11-01T145203.530414.snakemake.log
WorkflowError:
At least one job did not complete successfully.
