host: login01
Building DAG of jobs...
Using shell: /usr/bin/bash
Provided cores: 1 (use --cores to define parallelism)
Rules claiming more threads will be scaled down.
Job stats:
job                 count
----------------  -------
output_frequency        1
total                   1

Select jobs to execute...
Execute 1 jobs...

[Sun Oct 20 15:34:53 2024]
localrule output_frequency:
    input: output.bed.gz
    output: out_sorted.hist, out_unsorted.hist
    jobid: 0
    reason: Missing output files: out_sorted.hist
    resources: tmpdir=/tmp

[Sun Oct 20 15:34:55 2024]
Finished job 0.
1 of 1 steps (100%) done
Complete log: .snakemake/log/2024-10-20T153453.114987.snakemake.log
