host: login01
Building DAG of jobs...
Using shell: /usr/bin/bash
Provided cores: 1 (use --cores to define parallelism)
Rules claiming more threads will be scaled down.
Job stats:
job                     count
--------------------  -------
lines                       1
normalised_frequency        1
rescaled_hist               1
subsample                   1
total                       4

Select jobs to execute...
Execute 1 jobs...

[Sun Nov 10 16:41:39 2024]
localrule normalised_frequency:
    input: /home/bec51310.iitr/workplace/project/rescale_to_reference/shuf.a.bed.gz
    output: query.hist
    jobid: 3
    reason: Missing output files: query.hist; Set of input files has changed since last execution
    resources: tmpdir=/tmp

[Sun Nov 10 16:41:44 2024]
Finished job 3.
1 of 4 steps (25%) done
Select jobs to execute...
Execute 1 jobs...

[Sun Nov 10 16:41:44 2024]
localrule lines:
    input: query.hist
    output: lines_to_pull.tsv
    jobid: 2
    reason: Missing output files: lines_to_pull.tsv; Input files updated by another job: query.hist
    resources: tmpdir=/tmp

[Sun Nov 10 16:41:44 2024]
Finished job 2.
2 of 4 steps (50%) done
Select jobs to execute...
Execute 1 jobs...

[Sun Nov 10 16:41:44 2024]
localrule subsample:
    input: /home/bec51310.iitr/workplace/project/rescale_to_reference/shuf.a.bed.gz, lines_to_pull.tsv
    output: x_shuffled_0.bed.gz, subsample/x_rescaled_0.bed.gz
    jobid: 1
    reason: Missing output files: subsample/x_rescaled_0.bed.gz; Input files updated by another job: lines_to_pull.tsv
    wildcards: sample=x, rep=0
    resources: tmpdir=/tmp

[Sun Nov 10 16:42:17 2024]
Finished job 1.
3 of 4 steps (75%) done
Removing temporary output x_shuffled_0.bed.gz.
Select jobs to execute...
Execute 1 jobs...

[Sun Nov 10 16:42:17 2024]
localrule rescaled_hist:
    input: subsample/x_rescaled_0.bed.gz
    output: x_rescaled_0.hist
    jobid: 0
    reason: Input files updated by another job: subsample/x_rescaled_0.bed.gz
    wildcards: sample=x, rep=0
    resources: tmpdir=/tmp

[Sun Nov 10 16:42:19 2024]
Finished job 0.
4 of 4 steps (100%) done
Complete log: .snakemake/log/2024-11-10T164139.221539.snakemake.log
