host: login01
Building DAG of jobs...
Using shell: /usr/bin/bash
Provided cores: 1 (use --cores to define parallelism)
Rules claiming more threads will be scaled down.
Job stats:
job        count
-------  -------
rescale        1
total          1

Select jobs to execute...
Execute 1 jobs...

[Thu Oct 24 20:17:23 2024]
localrule rescale:
    input: query.hist
    output: lines_to_pull.tsv, rescaled.hist
    jobid: 0
    reason: Missing output files: rescaled.hist
    resources: tmpdir=/tmp

[Thu Oct 24 20:17:23 2024]
Finished job 0.
1 of 1 steps (100%) done
Complete log: .snakemake/log/2024-10-24T201723.321240.snakemake.log
