host: login01
Building DAG of jobs...
Using shell: /usr/bin/bash
Provided cores: 1 (use --cores to define parallelism)
Rules claiming more threads will be scaled down.
Job stats:
job                     count
--------------------  -------
normalised_frequency        1
total                       1

Select jobs to execute...
Execute 1 jobs...

[Sun Oct 20 12:15:35 2024]
localrule normalised_frequency:
    input: shuf.a.bed.gz
    output: query_sorted.hist
    jobid: 0
    reason: Missing output files: query_sorted.hist
    resources: tmpdir=/tmp

[Sun Oct 20 12:15:41 2024]
Finished job 0.
1 of 1 steps (100%) done
Complete log: .snakemake/log/2024-10-20T121535.736909.snakemake.log
