host: login06
Building DAG of jobs...
Using shell: /usr/bin/bash
Provided cores: 40
Rules claiming more threads will be scaled down.
Job stats:
job                     count
--------------------  -------
lines                       1
normalised_frequency        1
rescaled_hist               2
subsample                   2
total                       6

Select jobs to execute...
Execute 1 jobs...

[Fri Nov  1 15:59:02 2024]
localrule normalised_frequency:
    input: shuf.a.bed.gz
    output: hist/query.hist
    jobid: 3
    reason: Missing output files: hist/query.hist
    resources: tmpdir=/tmp

[Fri Nov  1 15:59:09 2024]
Finished job 3.
1 of 6 steps (17%) done
Select jobs to execute...
Execute 1 jobs...

[Fri Nov  1 15:59:09 2024]
localrule lines:
    input: hist/query.hist
    output: lines_to_pull.tsv
    jobid: 2
    reason: Missing output files: lines_to_pull.tsv; Input files updated by another job: hist/query.hist; Set of input files has changed since last execution
    resources: tmpdir=/tmp

[Fri Nov  1 15:59:09 2024]
Error in rule lines:
    jobid: 2
    input: hist/query.hist
    output: lines_to_pull.tsv
    shell:
        python scripts/lines.py > lines_to_pull.tsv
        (one of the commands exited with non-zero exit code; note that snakemake uses bash strict mode!)

Removing output files of failed job lines since they might be corrupted:
lines_to_pull.tsv
Shutting down, this might take some time.
Exiting because a job execution failed. Look above for error message
Complete log: .snakemake/log/2024-11-01T155902.774417.snakemake.log
WorkflowError:
At least one job did not complete successfully.
