host: login01
Building DAG of jobs...
Using shell: /usr/bin/bash
Provided cores: 1 (use --cores to define parallelism)
Rules claiming more threads will be scaled down.
Job stats:
job          count
---------  -------
normalise        1
total            1

Select jobs to execute...
Execute 1 jobs...

[Thu Oct 24 20:46:38 2024]
localrule normalise:
    input: rescaled.bed.gz
    output: rescaled_unsorted.hist, rescaled.hist
    jobid: 0
    reason: Missing output files: rescaled.hist
    resources: tmpdir=/tmp

[Thu Oct 24 20:46:40 2024]
Finished job 0.
1 of 1 steps (100%) done
Complete log: .snakemake/log/2024-10-24T204638.574956.snakemake.log
