host: login01
Building DAG of jobs...
Using shell: /usr/bin/bash
Provided cores: 1 (use --cores to define parallelism)
Rules claiming more threads will be scaled down.
Job stats:
job                     count
--------------------  -------
normalised_frequency        1
total                       1

Select jobs to execute...
Execute 1 jobs...

[Sun Oct 20 12:43:02 2024]
localrule normalised_frequency:
    input: shuf.a.bed.gz
    output: query_unsorted.hist, query_sorted.hist
    jobid: 0
    reason: Missing output files: query_sorted.hist
    resources: tmpdir=/tmp

[Sun Oct 20 12:43:02 2024]
Error in rule normalised_frequency:
    jobid: 0
    input: shuf.a.bed.gz
    output: query_unsorted.hist, query_sorted.hist
    shell:
        
        zcat shuf.a.bed.gz | python frequency.py > query_unsorted.hist
        sort -k1,1n query_unsorted.hist > query_sorted.hist
        
        (one of the commands exited with non-zero exit code; note that snakemake uses bash strict mode!)

Removing output files of failed job normalised_frequency since they might be corrupted:
query_unsorted.hist
Shutting down, this might take some time.
Exiting because a job execution failed. Look above for error message
Complete log: .snakemake/log/2024-10-20T124302.345351.snakemake.log
WorkflowError:
At least one job did not complete successfully.
