host: login01
Building DAG of jobs...
Using shell: /usr/bin/bash
Provided cores: 1 (use --cores to define parallelism)
Rules claiming more threads will be scaled down.
Job stats:
job          count
---------  -------
normalise        1
plot             1
total            2

Select jobs to execute...
Execute 1 jobs...

[Thu Oct 24 20:34:15 2024]
localrule normalise:
    input: rescaled.bed.gz
    output: rescaled_unsorted.hist, rescaled.hist
    jobid: 1
    reason: Missing output files: rescaled.hist
    resources: tmpdir=/tmp

[Thu Oct 24 20:34:15 2024]
Finished job 1.
1 of 2 steps (50%) done
Removing temporary output rescaled_unsorted.hist.
Select jobs to execute...
Execute 1 jobs...

[Thu Oct 24 20:34:15 2024]
localrule plot:
    input: rescaled.hist
    output: rescale_to_reference.png
    jobid: 0
    reason: Missing output files: rescale_to_reference.png; Input files updated by another job: rescaled.hist
    resources: tmpdir=/tmp

[Thu Oct 24 20:34:15 2024]
Finished job 0.
2 of 2 steps (100%) done
Complete log: .snakemake/log/2024-10-24T203415.658175.snakemake.log
