host: login01
Building DAG of jobs...
Using shell: /usr/bin/bash
Provided cores: 1 (use --cores to define parallelism)
Rules claiming more threads will be scaled down.
Job stats:
job              count
-------------  -------
rescaled_hist        1
total                1

Select jobs to execute...
Execute 1 jobs...

[Sun Nov 10 15:14:20 2024]
localrule rescaled_hist:
    input: subsample/x_rescaled_0.bed.gz
    output: x_rescaled_0.hist
    jobid: 0
    reason: Missing output files: x_rescaled_0.hist
    wildcards: sample=x, rep=0
    resources: tmpdir=/tmp

[Sun Nov 10 15:14:22 2024]
Finished job 0.
1 of 1 steps (100%) done
Complete log: .snakemake/log/2024-11-10T151420.168224.snakemake.log
