host: login06
Building DAG of jobs...
Using shell: /usr/bin/bash
Provided cores: 40
Rules claiming more threads will be scaled down.
Job stats:
job              count
-------------  -------
rescaled_hist        2
subsample            2
total                4

Select jobs to execute...
Execute 2 jobs...

[Fri Nov  1 16:34:05 2024]
localrule subsample:
    input: shuf.a.bed.gz, lines_to_pull.tsv
    output: y_shuffled_1.bed.gz, subsample/y_rescaled_1.bed.gz
    jobid: 5
    reason: Missing output files: subsample/y_rescaled_1.bed.gz
    wildcards: sample=y, rep=1
    resources: tmpdir=/tmp


[Fri Nov  1 16:34:05 2024]
localrule subsample:
    input: shuf.a.bed.gz, lines_to_pull.tsv
    output: x_shuffled_0.bed.gz, subsample/x_rescaled_0.bed.gz
    jobid: 1
    reason: Missing output files: subsample/x_rescaled_0.bed.gz
    wildcards: sample=x, rep=0
    resources: tmpdir=/tmp

[Fri Nov  1 16:34:36 2024]
Finished job 1.
1 of 4 steps (25%) done
Removing temporary output x_shuffled_0.bed.gz.
Select jobs to execute...
Execute 1 jobs...

[Fri Nov  1 16:34:36 2024]
localrule rescaled_hist:
    input: subsample/x_rescaled_0.bed.gz
    output: x_rescaled_0.hist
    jobid: 0
    reason: Missing output files: x_rescaled_0.hist; Input files updated by another job: subsample/x_rescaled_0.bed.gz
    wildcards: sample=x, rep=0
    resources: tmpdir=/tmp

[Fri Nov  1 16:34:37 2024]
Finished job 5.
2 of 4 steps (50%) done
Removing temporary output y_shuffled_1.bed.gz.
Select jobs to execute...
Execute 1 jobs...

[Fri Nov  1 16:34:37 2024]
localrule rescaled_hist:
    input: subsample/y_rescaled_1.bed.gz
    output: y_rescaled_1.hist
    jobid: 4
    reason: Missing output files: y_rescaled_1.hist; Input files updated by another job: subsample/y_rescaled_1.bed.gz
    wildcards: sample=y, rep=1
    resources: tmpdir=/tmp

[Fri Nov  1 16:34:38 2024]
Finished job 0.
3 of 4 steps (75%) done
[Fri Nov  1 16:34:39 2024]
Finished job 4.
4 of 4 steps (100%) done
Complete log: .snakemake/log/2024-11-01T163405.434508.snakemake.log
