host: login01
Building DAG of jobs...
Using shell: /usr/bin/bash
Provided cores: 1 (use --cores to define parallelism)
Rules claiming more threads will be scaled down.
Job stats:
job                count
---------------  -------
calculate_lines        1
total                  1

Select jobs to execute...
Execute 1 jobs...

[Sun Oct 20 12:55:27 2024]
localrule calculate_lines:
    output: calculate_lines_to_pull.tsv
    jobid: 0
    reason: Missing output files: calculate_lines_to_pull.tsv
    resources: tmpdir=/tmp

[Sun Oct 20 12:55:27 2024]
Finished job 0.
1 of 1 steps (100%) done
Complete log: .snakemake/log/2024-10-20T125527.511081.snakemake.log
