host: login01
Building DAG of jobs...
Using shell: /usr/bin/bash
Provided cores: 1 (use --cores to define parallelism)
Rules claiming more threads will be scaled down.
Job stats:
job          count
---------  -------
normalise        1
plot             1
subsample        1
total            3

Select jobs to execute...
Execute 1 jobs...

[Thu Oct 24 20:48:29 2024]
localrule subsample:
    input: shuf.a.bed.gz, lines_to_pull.tsv
    output: shuffled.bed.gz, rescaled.bed.gz
    jobid: 2
    reason: Missing output files: rescaled.bed.gz
    resources: tmpdir=/tmp

[Thu Oct 24 20:49:01 2024]
Finished job 2.
1 of 3 steps (33%) done
Removing temporary output shuffled.bed.gz.
Select jobs to execute...
Execute 1 jobs...

[Thu Oct 24 20:49:01 2024]
localrule normalise:
    input: rescaled.bed.gz
    output: rescaled_unsorted.hist, rescaled.hist
    jobid: 1
    reason: Missing output files: rescaled.hist; Input files updated by another job: rescaled.bed.gz
    resources: tmpdir=/tmp

[Thu Oct 24 20:49:03 2024]
Finished job 1.
2 of 3 steps (67%) done
Removing temporary output rescaled_unsorted.hist.
Select jobs to execute...
Execute 1 jobs...

[Thu Oct 24 20:49:03 2024]
localrule plot:
    input: rescaled.hist
    output: rescale_to_reference.png
    jobid: 0
    reason: Missing output files: rescale_to_reference.png; Input files updated by another job: rescaled.hist
    resources: tmpdir=/tmp

[Thu Oct 24 20:49:03 2024]
Finished job 0.
3 of 3 steps (100%) done
Complete log: .snakemake/log/2024-10-24T204829.505674.snakemake.log
