host: login01
Building DAG of jobs...
Using shell: /usr/bin/bash
Provided cores: 1 (use --cores to define parallelism)
Rules claiming more threads will be scaled down.
Job stats:
job          count
---------  -------
subsample        1
total            1

Select jobs to execute...
Execute 1 jobs...

[Sat Oct 19 19:45:32 2024]
localrule subsample:
    input: shuf.a.bed.gz
    output: rescaled.bed.gz
    jobid: 0
    reason: Missing output files: rescaled.bed.gz
    resources: tmpdir=/tmp

Terminating processes on user request, this might take some time.
