host: login01
Building DAG of jobs...
Using shell: /usr/bin/bash
Provided cores: 1 (use --cores to define parallelism)
Rules claiming more threads will be scaled down.
Job stats:
job                     count
--------------------  -------
calculate_lines             1
normalised_frequency        1
subsample                   1
total                       3

Select jobs to execute...
Execute 1 jobs...

[Sun Oct 20 15:08:52 2024]
localrule normalised_frequency:
    input: shuf.a.bed.gz
    output: query_unsorted.hist, query_sorted.hist
    jobid: 2
    reason: Missing output files: query_sorted.hist
    resources: tmpdir=/tmp

[Sun Oct 20 15:08:58 2024]
Finished job 2.
1 of 3 steps (33%) done
Select jobs to execute...
Execute 1 jobs...

[Sun Oct 20 15:08:58 2024]
localrule calculate_lines:
    input: query_sorted.hist
    output: calculate_lines_to_pull.tsv
    jobid: 1
    reason: Missing output files: calculate_lines_to_pull.tsv; Input files updated by another job: query_sorted.hist; Set of input files has changed since last execution
    resources: tmpdir=/tmp

[Sun Oct 20 15:08:58 2024]
Finished job 1.
2 of 3 steps (67%) done
Select jobs to execute...
Execute 1 jobs...

[Sun Oct 20 15:08:58 2024]
localrule subsample:
    input: shuf.a.bed.gz, calculate_lines_to_pull.tsv
    output: shuffled.bed.gz, output.bed.gz
    jobid: 0
    reason: Input files updated by another job: calculate_lines_to_pull.tsv
    resources: tmpdir=/tmp

Terminating processes on user request, this might take some time.
[Sun Oct 20 15:09:12 2024]
Error in rule subsample:
    jobid: 0
    input: shuf.a.bed.gz, calculate_lines_to_pull.tsv
    output: shuffled.bed.gz, output.bed.gz
    shell:
        
        zcat shuf.a.bed.gz calculate_lines_to_pull.tsv | shuf | gzip > shuffled.bed.gz
        zcat shuffled.bed.gz | python scripts/rescaled.py | gzip > output.bed.gz
        
        (one of the commands exited with non-zero exit code; note that snakemake uses bash strict mode!)

Complete log: .snakemake/log/2024-10-20T150852.216597.snakemake.log
WorkflowError:
At least one job did not complete successfully.
