host: login01
Building DAG of jobs...
Using shell: /usr/bin/bash
Provided cores: 1 (use --cores to define parallelism)
Rules claiming more threads will be scaled down.
Job stats:
job                 count
----------------  -------
output_frequency        1
plot                    1
subsample               1
total                   3

Select jobs to execute...
Execute 1 jobs...

[Sun Oct 20 15:51:23 2024]
localrule subsample:
    input: shuf.a.bed.gz, calculate_lines_to_pull.tsv
    output: shuffled.bed.gz, output.bed.gz
    jobid: 2
    reason: Missing output files: output.bed.gz
    resources: tmpdir=/tmp

[Sun Oct 20 15:51:56 2024]
Finished job 2.
1 of 3 steps (33%) done
Removing temporary output shuffled.bed.gz.
Select jobs to execute...
Execute 1 jobs...

[Sun Oct 20 15:51:56 2024]
localrule output_frequency:
    input: output.bed.gz
    output: out_sorted.hist, out_unsorted.hist
    jobid: 1
    reason: Missing output files: out_sorted.hist; Input files updated by another job: output.bed.gz
    resources: tmpdir=/tmp

[Sun Oct 20 15:51:58 2024]
Finished job 1.
2 of 3 steps (67%) done
Select jobs to execute...
Execute 1 jobs...

[Sun Oct 20 15:51:58 2024]
localrule plot:
    input: reference.hist, out_sorted.hist
    output: rescale_to_reference.png
    jobid: 0
    reason: Missing output files: rescale_to_reference.png; Input files updated by another job: out_sorted.hist
    resources: tmpdir=/tmp

[Sun Oct 20 15:51:58 2024]
Finished job 0.
3 of 3 steps (100%) done
Complete log: .snakemake/log/2024-10-20T155123.163108.snakemake.log
