host: login01
Building DAG of jobs...
Using shell: /usr/bin/bash
Provided cores: 1 (use --cores to define parallelism)
Rules claiming more threads will be scaled down.
Job stats:
job                     count
--------------------  -------
lines                       1
normalised_frequency        1
rescaled_hist               4
subsample                   4
total                      10

Select jobs to execute...
Execute 1 jobs...

[Sun Nov 10 16:49:27 2024]
localrule normalised_frequency:
    input: /home/bec51310.iitr/workplace/project/rescale_to_reference/shuf.a.bed.gz
    output: hist/query.hist
    jobid: 3
    reason: Missing output files: hist/query.hist; Set of input files has changed since last execution
    resources: tmpdir=/tmp

[Sun Nov 10 16:49:38 2024]
Finished job 3.
1 of 10 steps (10%) done
Select jobs to execute...
Execute 1 jobs...

[Sun Nov 10 16:49:38 2024]
localrule lines:
    input: hist/query.hist
    output: lines_to_pull.tsv
    jobid: 2
    reason: Input files updated by another job: hist/query.hist
    resources: tmpdir=/tmp

[Sun Nov 10 16:49:38 2024]
Finished job 2.
2 of 10 steps (20%) done
Select jobs to execute...
Execute 1 jobs...

[Sun Nov 10 16:49:38 2024]
localrule subsample:
    input: /home/bec51310.iitr/workplace/project/rescale_to_reference/shuf.a.bed.gz, lines_to_pull.tsv
    output: y_shuffled_0.bed.gz, subsample/y_rescaled_0.bed.gz
    jobid: 5
    reason: Missing output files: subsample/y_rescaled_0.bed.gz; Input files updated by another job: lines_to_pull.tsv
    wildcards: sample=y, rep=0
    resources: tmpdir=/tmp

[Sun Nov 10 16:50:34 2024]
Finished job 5.
3 of 10 steps (30%) done
Removing temporary output y_shuffled_0.bed.gz.
Select jobs to execute...
Execute 1 jobs...

[Sun Nov 10 16:50:34 2024]
localrule rescaled_hist:
    input: subsample/y_rescaled_0.bed.gz
    output: hist/y_rescaled_0.hist
    jobid: 4
    reason: Input files updated by another job: subsample/y_rescaled_0.bed.gz
    wildcards: sample=y, rep=0
    resources: tmpdir=/tmp

[Sun Nov 10 16:50:37 2024]
Finished job 4.
4 of 10 steps (40%) done
Select jobs to execute...
Execute 1 jobs...

[Sun Nov 10 16:50:37 2024]
localrule subsample:
    input: /home/bec51310.iitr/workplace/project/rescale_to_reference/shuf.a.bed.gz, lines_to_pull.tsv
    output: x_shuffled_0.bed.gz, subsample/x_rescaled_0.bed.gz
    jobid: 9
    reason: Missing output files: subsample/x_rescaled_0.bed.gz; Input files updated by another job: lines_to_pull.tsv
    wildcards: sample=x, rep=0
    resources: tmpdir=/tmp

[Sun Nov 10 16:51:34 2024]
Finished job 9.
5 of 10 steps (50%) done
Removing temporary output x_shuffled_0.bed.gz.
Select jobs to execute...
Execute 1 jobs...

[Sun Nov 10 16:51:34 2024]
localrule rescaled_hist:
    input: subsample/x_rescaled_0.bed.gz
    output: hist/x_rescaled_0.hist
    jobid: 8
    reason: Input files updated by another job: subsample/x_rescaled_0.bed.gz
    wildcards: sample=x, rep=0
    resources: tmpdir=/tmp

[Sun Nov 10 16:51:37 2024]
Finished job 8.
6 of 10 steps (60%) done
Select jobs to execute...
Execute 1 jobs...

[Sun Nov 10 16:51:37 2024]
localrule subsample:
    input: /home/bec51310.iitr/workplace/project/rescale_to_reference/shuf.a.bed.gz, lines_to_pull.tsv
    output: y_shuffled_1.bed.gz, subsample/y_rescaled_1.bed.gz
    jobid: 1
    reason: Missing output files: subsample/y_rescaled_1.bed.gz; Input files updated by another job: lines_to_pull.tsv
    wildcards: sample=y, rep=1
    resources: tmpdir=/tmp

[Sun Nov 10 16:52:29 2024]
Finished job 1.
7 of 10 steps (70%) done
Removing temporary output y_shuffled_1.bed.gz.
Select jobs to execute...
Execute 1 jobs...

[Sun Nov 10 16:52:29 2024]
localrule subsample:
    input: /home/bec51310.iitr/workplace/project/rescale_to_reference/shuf.a.bed.gz, lines_to_pull.tsv
    output: x_shuffled_1.bed.gz, subsample/x_rescaled_1.bed.gz
    jobid: 7
    reason: Missing output files: subsample/x_rescaled_1.bed.gz; Input files updated by another job: lines_to_pull.tsv
    wildcards: sample=x, rep=1
    resources: tmpdir=/tmp

[Sun Nov 10 16:53:03 2024]
Finished job 7.
8 of 10 steps (80%) done
Removing temporary output x_shuffled_1.bed.gz.
Select jobs to execute...
Execute 1 jobs...

[Sun Nov 10 16:53:03 2024]
localrule rescaled_hist:
    input: subsample/x_rescaled_1.bed.gz
    output: hist/x_rescaled_1.hist
    jobid: 6
    reason: Input files updated by another job: subsample/x_rescaled_1.bed.gz
    wildcards: sample=x, rep=1
    resources: tmpdir=/tmp

[Sun Nov 10 16:53:05 2024]
Finished job 6.
9 of 10 steps (90%) done
Select jobs to execute...
Execute 1 jobs...

[Sun Nov 10 16:53:05 2024]
localrule rescaled_hist:
    input: subsample/y_rescaled_1.bed.gz
    output: hist/y_rescaled_1.hist
    jobid: 0
    reason: Input files updated by another job: subsample/y_rescaled_1.bed.gz
    wildcards: sample=y, rep=1
    resources: tmpdir=/tmp

[Sun Nov 10 16:53:07 2024]
Finished job 0.
10 of 10 steps (100%) done
Complete log: .snakemake/log/2024-11-10T164927.723213.snakemake.log
