host: login01
Building DAG of jobs...
Using shell: /usr/bin/bash
Provided cores: 1 (use --cores to define parallelism)
Rules claiming more threads will be scaled down.
Job stats:
job                     count
--------------------  -------
normalised_frequency        1
total                       1

Select jobs to execute...
Execute 1 jobs...

[Thu Oct 24 20:13:24 2024]
localrule normalised_frequency:
    input: shuf.a.bed.gz
    output: query_unsorted.hist, query.hist
    jobid: 0
    reason: Missing output files: query_unsorted.hist
    resources: tmpdir=/tmp

[Thu Oct 24 20:13:29 2024]
Finished job 0.
1 of 1 steps (100%) done
Removing temporary output query_unsorted.hist.
Complete log: .snakemake/log/2024-10-24T201324.155659.snakemake.log
