host: login01
Building DAG of jobs...
Using shell: /usr/bin/bash
Provided cores: 1 (use --cores to define parallelism)
Rules claiming more threads will be scaled down.
Job stats:
job      count
-----  -------
plot         1
total        1

Select jobs to execute...
Execute 1 jobs...

[Sun Oct 20 15:55:56 2024]
localrule plot:
    input: reference.hist, out_sorted.hist
    output: rescale_to_reference.png
    jobid: 0
    reason: Missing output files: rescale_to_reference.png
    resources: tmpdir=/tmp

[Sun Oct 20 15:55:56 2024]
Finished job 0.
1 of 1 steps (100%) done
Complete log: .snakemake/log/2024-10-20T155556.149846.snakemake.log
