host: login06
Building DAG of jobs...
Using shell: /usr/bin/bash
Provided cores: 40
Rules claiming more threads will be scaled down.
Job stats:
job              count
-------------  -------
rescaled_hist        1
subsample            1
total                2

Select jobs to execute...
Execute 1 jobs...

[Fri Nov  1 15:00:55 2024]
localrule subsample:
    input: shuf.a.bed.gz, lines_to_pull.tsv
    output: y_shuffled_1.bed.gz, subsample/y_rescaled_1.bed.gz
    jobid: 1
    reason: Missing output files: subsample/y_rescaled_1.bed.gz
    wildcards: sample=y, rep=1
    resources: tmpdir=/tmp

[Fri Nov  1 15:01:31 2024]
Finished job 1.
1 of 2 steps (50%) done
Removing temporary output y_shuffled_1.bed.gz.
Select jobs to execute...
Execute 1 jobs...

[Fri Nov  1 15:01:31 2024]
localrule rescaled_hist:
    input: subsample/y_rescaled_1.bed.gz
    output: hist/y_rescaled_1_unsorted.hist, hist/y_rescaled_1.hist
    jobid: 0
    reason: Missing output files: hist/y_rescaled_1.hist; Input files updated by another job: subsample/y_rescaled_1.bed.gz
    wildcards: sample=y, rep=1
    resources: tmpdir=/tmp

[Fri Nov  1 15:01:33 2024]
Finished job 0.
2 of 2 steps (100%) done
Complete log: .snakemake/log/2024-11-01T150055.804515.snakemake.log
