host: login06
Building DAG of jobs...
Using shell: /usr/bin/bash
Provided cores: 40
Rules claiming more threads will be scaled down.
Job stats:
job                     count
--------------------  -------
lines                       1
normalised_frequency        1
rescaled_hist               2
subsample                   2
total                       6

Select jobs to execute...
Execute 1 jobs...

[Fri Nov  1 16:12:51 2024]
localrule normalised_frequency:
    input: shuf.a.bed.gz
    output: query.hist
    jobid: 3
    reason: Missing output files: query.hist; Code has changed since last execution
    resources: tmpdir=/tmp

[Fri Nov  1 16:12:59 2024]
Finished job 3.
1 of 6 steps (17%) done
Select jobs to execute...
Execute 1 jobs...

[Fri Nov  1 16:12:59 2024]
localrule lines:
    input: query.hist
    output: lines_to_pull.tsv
    jobid: 2
    reason: Missing output files: lines_to_pull.tsv; Input files updated by another job: query.hist
    resources: tmpdir=/tmp

[Fri Nov  1 16:12:59 2024]
Finished job 2.
2 of 6 steps (33%) done
Select jobs to execute...
Execute 2 jobs...

[Fri Nov  1 16:12:59 2024]
localrule subsample:
    input: shuf.a.bed.gz, lines_to_pull.tsv
    output: hist/x_shuffled_0.bed.gz, subsample/hist/x_rescaled_0.bed.gz
    jobid: 5
    reason: Missing output files: subsample/hist/x_rescaled_0.bed.gz; Input files updated by another job: lines_to_pull.tsv
    wildcards: sample=hist/x, rep=0
    resources: tmpdir=/tmp


[Fri Nov  1 16:12:59 2024]
localrule subsample:
    input: shuf.a.bed.gz, lines_to_pull.tsv
    output: hist/y_shuffled_1.bed.gz, subsample/hist/y_rescaled_1.bed.gz
    jobid: 1
    reason: Missing output files: subsample/hist/y_rescaled_1.bed.gz; Input files updated by another job: lines_to_pull.tsv
    wildcards: sample=hist/y, rep=1
    resources: tmpdir=/tmp

[Fri Nov  1 16:13:30 2024]
Finished job 5.
3 of 6 steps (50%) done
Removing temporary output hist/x_shuffled_0.bed.gz.
Select jobs to execute...
Execute 1 jobs...

[Fri Nov  1 16:13:30 2024]
localrule rescaled_hist:
    input: subsample/hist/x_rescaled_0.bed.gz
    output: hist/x_rescaled_0.hist
    jobid: 4
    reason: Input files updated by another job: subsample/hist/x_rescaled_0.bed.gz
    wildcards: sample=hist/x, rep=0
    resources: tmpdir=/tmp

[Fri Nov  1 16:13:30 2024]
Finished job 1.
4 of 6 steps (67%) done
Removing temporary output hist/y_shuffled_1.bed.gz.
Select jobs to execute...
Execute 1 jobs...

[Fri Nov  1 16:13:31 2024]
localrule rescaled_hist:
    input: subsample/hist/y_rescaled_1.bed.gz
    output: hist/y_rescaled_1.hist
    jobid: 0
    reason: Input files updated by another job: subsample/hist/y_rescaled_1.bed.gz
    wildcards: sample=hist/y, rep=1
    resources: tmpdir=/tmp

[Fri Nov  1 16:13:32 2024]
Finished job 4.
5 of 6 steps (83%) done
[Fri Nov  1 16:13:33 2024]
Finished job 0.
6 of 6 steps (100%) done
Complete log: .snakemake/log/2024-11-01T161251.977455.snakemake.log
